<?xml version="1.0" encoding="UTF-8"?>
<!-- Generated by org.testng.reporters.JUnitXMLReporter -->
<testsuite hostname="admin" ignored="0" name="Test" tests="1" failures="1" timestamp="2020-01-28T22:46:02 IST" time="31.826" errors="0">
  <testcase name="login" time="11.563" classname="com.makemytrip.scripts.LoginTest">
    <failure type="java.util.NoSuchElementException">
      <![CDATA[java.util.NoSuchElementException
at java.util.LinkedHashMap$LinkedHashIterator.nextNode(LinkedHashMap.java:713)
at java.util.LinkedHashMap$LinkedKeyIterator.next(LinkedHashMap.java:734)
at com.makemytrip.features.LoginFeature.login(LoginFeature.java:24)
at com.makemytrip.scripts.LoginTest.login(LoginTest.java:16)
at java.util.ArrayList.forEach(ArrayList.java:1249)
... Removed 27 stack frames]]>
    </failure>
  </testcase> <!-- login -->
</testsuite> <!-- Test -->
