<?xml version="1.0" encoding="UTF-8"?>
<testng-results skipped="0" failed="1" ignored="0" total="1" passed="0">
  <reporter-output>
  </reporter-output>
  <suite name="Suite" duration-ms="31826" started-at="2020-01-28T22:45:29 IST" finished-at="2020-01-28T22:46:01 IST">
    <groups>
    </groups>
    <test name="Test" duration-ms="31826" started-at="2020-01-28T22:45:29 IST" finished-at="2020-01-28T22:46:01 IST">
      <class name="com.makemytrip.scripts.LoginTest">
        <test-method status="PASS" signature="postcondition(java.lang.String, java.lang.String)[pri:0, instance:com.makemytrip.scripts.LoginTest@6ebc05a6]" name="postcondition" is-config="true" duration-ms="13648" started-at="2020-01-28T22:45:29 IST" finished-at="2020-01-28T22:45:43 IST">
          <params>
            <param index="0">
              <value>
                <![CDATA[chrome]]>
              </value>
            </param>
            <param index="1">
              <value>
                <![CDATA[http://www.makemytrip.com]]>
              </value>
            </param>
          </params>
          <reporter-output>
          </reporter-output>
        </test-method> <!-- postcondition -->
        <test-method status="FAIL" signature="login()[pri:0, instance:com.makemytrip.scripts.LoginTest@6ebc05a6]" name="login" duration-ms="11563" started-at="2020-01-28T22:45:43 IST" finished-at="2020-01-28T22:45:54 IST">
          <exception class="java.util.NoSuchElementException">
            <full-stacktrace>
              <![CDATA[java.util.NoSuchElementException
at java.util.LinkedHashMap$LinkedHashIterator.nextNode(LinkedHashMap.java:713)
at java.util.LinkedHashMap$LinkedKeyIterator.next(LinkedHashMap.java:734)
at com.makemytrip.features.LoginFeature.login(LoginFeature.java:24)
at com.makemytrip.scripts.LoginTest.login(LoginTest.java:16)
at sun.reflect.NativeMethodAccessorImpl.invoke0(Native Method)
at sun.reflect.NativeMethodAccessorImpl.invoke(NativeMethodAccessorImpl.java:62)
at sun.reflect.DelegatingMethodAccessorImpl.invoke(DelegatingMethodAccessorImpl.java:43)
at java.lang.reflect.Method.invoke(Method.java:498)
at org.testng.internal.MethodInvocationHelper.invokeMethod(MethodInvocationHelper.java:133)
at org.testng.internal.TestInvoker.invokeMethod(TestInvoker.java:584)
at org.testng.internal.TestInvoker.invokeTestMethod(TestInvoker.java:172)
at org.testng.internal.MethodRunner.runInSequence(MethodRunner.java:46)
at org.testng.internal.TestInvoker$MethodInvocationAgent.invoke(TestInvoker.java:804)
at org.testng.internal.TestInvoker.invokeTestMethods(TestInvoker.java:145)
at org.testng.internal.TestMethodWorker.invokeTestMethods(TestMethodWorker.java:146)
at org.testng.internal.TestMethodWorker.run(TestMethodWorker.java:128)
at java.util.ArrayList.forEach(ArrayList.java:1249)
at org.testng.TestRunner.privateRun(TestRunner.java:770)
at org.testng.TestRunner.run(TestRunner.java:591)
at org.testng.SuiteRunner.runTest(SuiteRunner.java:402)
at org.testng.SuiteRunner.runSequentially(SuiteRunner.java:396)
at org.testng.SuiteRunner.privateRun(SuiteRunner.java:355)
at org.testng.SuiteRunner.run(SuiteRunner.java:304)
at org.testng.SuiteRunnerWorker.runSuite(SuiteRunnerWorker.java:53)
at org.testng.SuiteRunnerWorker.run(SuiteRunnerWorker.java:96)
at org.testng.TestNG.runSuitesSequentially(TestNG.java:1180)
at org.testng.TestNG.runSuitesLocally(TestNG.java:1102)
at org.testng.TestNG.runSuites(TestNG.java:1032)
at org.testng.TestNG.run(TestNG.java:1000)
at org.testng.remote.AbstractRemoteTestNG.run(AbstractRemoteTestNG.java:115)
at org.testng.remote.RemoteTestNG.initAndRun(RemoteTestNG.java:251)
at org.testng.remote.RemoteTestNG.main(RemoteTestNG.java:77)
]]>
            </full-stacktrace>
          </exception> <!-- java.util.NoSuchElementException -->
          <reporter-output>
          </reporter-output>
        </test-method> <!-- login -->
        <test-method status="PASS" signature="precondition()[pri:0, instance:com.makemytrip.scripts.LoginTest@6ebc05a6]" name="precondition" is-config="true" duration-ms="5402" started-at="2020-01-28T22:45:55 IST" finished-at="2020-01-28T22:46:01 IST">
          <reporter-output>
          </reporter-output>
        </test-method> <!-- precondition -->
      </class> <!-- com.makemytrip.scripts.LoginTest -->
    </test> <!-- Test -->
  </suite> <!-- Suite -->
</testng-results>
